<?xml version="1.0" encoding="UTF-8" ?>
<testsuite tests="23" failures="0" name="RunCucumberTest" time="11.387" errors="2" skipped="0">
  <properties>
[...]
</properties>
  <testcase classname="Scenario: Filter by Customer Reviews" name="Given I am on the homepage" time="0.005"/>
  <testcase classname="Scenario: Filter by Customer Reviews" name="When i search for product &quot;nike&quot;" time="0"/>
  <testcase classname="Scenario: Filter by Customer Reviews" name="And i selected review &quot;5only&quot; on search results" time="0"/>
  <testcase classname="Scenario: Filter by Customer Reviews" name="Then I should see all the relevant products &quot;customerReview&quot; are filtered &quot;5only&quot;" time="0"/>
  <testcase classname="Scenario: Filter by Customer Reviews" name="Scenario: Filter by Customer Reviews" time="3.326"/>
  <testcase classname="Scenario: Filter by Price Range" name="Given I am on the homepage" time="0.001"/>
  <testcase classname="Scenario: Filter by Price Range" name="When i search for product &quot;nike&quot;" time="0"/>
  <testcase classname="Scenario: Filter by Price Range" name="And i selected review &quot;£25 - £50&quot; on search results" time="0"/>
  <testcase classname="Scenario: Filter by Price Range" name="Then I should see all the relevant products &quot;range&quot; are filtered &quot;£25 - £50&quot;" time="0.001"/>
  <testcase classname="Scenario: Filter by Price Range" name="Scenario: Filter by Price Range" time="1.599"/>
  <testcase classname="Scenario: " name="Given I am on the homepage" time="0"/>
  <testcase classname="Scenario: " name="When i will navigate register page" time="0.003"/>
  <testcase classname="Scenario: " name="And i will enter the user deatils:" time="0.009">
    <error message="Arity mismatch: Step Definition &apos;StepDefs.RegisterStepdefs.iWillEnterTheUserDeatils() in file:/C:/Users/sball/IdeaProjects/seleniumcucumberargosBDD/target/test-classes/&apos; with pattern [^i will enter the user deatils:$] is declared with 0 parameters. However, the gherkin step has 1 arguments [Table:[[email, title, firstName, lastName, postCode], [abdnc@sdsds.com, Mr, chakr, balla, ig1 4nd]]]. 
Step: And i will enter the user deatils:" type="cucumber.runtime.CucumberException">cucumber.runtime.CucumberException: Arity mismatch: Step Definition &apos;StepDefs.RegisterStepdefs.iWillEnterTheUserDeatils() in file:/C:/Users/sball/IdeaProjects/seleniumcucumberargosBDD/target/test-classes/&apos; with pattern [^i will enter the user deatils:$] is declared with 0 parameters. However, the gherkin step has 1 arguments [Table:[[email, title, firstName, lastName, postCode], [abdnc@sdsds.com, Mr, chakr, balla, ig1 4nd]]]. 
Step: And i will enter the user deatils:
	at cucumber.runtime.StepDefinitionMatch.arityMismatch(StepDefinitionMatch.java:102)
	at cucumber.runtime.StepDefinitionMatch.transformedArgs(StepDefinitionMatch.java:60)
	at cucumber.runtime.StepDefinitionMatch.runStep(StepDefinitionMatch.java:37)
	at cucumber.runtime.Runtime.runStep(Runtime.java:300)
	at cucumber.runtime.model.StepContainer.runStep(StepContainer.java:44)
	at cucumber.runtime.model.StepContainer.runSteps(StepContainer.java:39)
	at cucumber.runtime.model.CucumberScenario.run(CucumberScenario.java:44)
	at cucumber.runtime.junit.ExecutionUnitRunner.run(ExecutionUnitRunner.java:102)
	at cucumber.runtime.junit.FeatureRunner.runChild(FeatureRunner.java:63)
	at cucumber.runtime.junit.FeatureRunner.runChild(FeatureRunner.java:18)
	at org.junit.runners.ParentRunner$3.run(ParentRunner.java:290)
	at org.junit.runners.ParentRunner$1.schedule(ParentRunner.java:71)
	at org.junit.runners.ParentRunner.runChildren(ParentRunner.java:288)
	at org.junit.runners.ParentRunner.access$000(ParentRunner.java:58)
	at org.junit.runners.ParentRunner$2.evaluate(ParentRunner.java:268)
	at org.junit.runners.ParentRunner.run(ParentRunner.java:363)
	at cucumber.runtime.junit.FeatureRunner.run(FeatureRunner.java:70)
	at cucumber.api.junit.Cucumber.runChild(Cucumber.java:95)
	at cucumber.api.junit.Cucumber.runChild(Cucumber.java:38)
	at org.junit.runners.ParentRunner$3.run(ParentRunner.java:290)
	at org.junit.runners.ParentRunner$1.schedule(ParentRunner.java:71)
	at org.junit.runners.ParentRunner.runChildren(ParentRunner.java:288)
	at org.junit.runners.ParentRunner.access$000(ParentRunner.java:58)
	at org.junit.runners.ParentRunner$2.evaluate(ParentRunner.java:268)
	at org.junit.runners.ParentRunner.run(ParentRunner.java:363)
	at cucumber.api.junit.Cucumber.run(Cucumber.java:100)
	at org.apache.maven.surefire.junit4.JUnit4Provider.execute(JUnit4Provider.java:252)
	at org.apache.maven.surefire.junit4.JUnit4Provider.executeTestSet(JUnit4Provider.java:141)
	at org.apache.maven.surefire.junit4.JUnit4Provider.invoke(JUnit4Provider.java:112)
	at sun.reflect.NativeMethodAccessorImpl.invoke0(Native Method)
	at sun.reflect.NativeMethodAccessorImpl.invoke(NativeMethodAccessorImpl.java:62)
	at sun.reflect.DelegatingMethodAccessorImpl.invoke(DelegatingMethodAccessorImpl.java:43)
	at java.lang.reflect.Method.invoke(Method.java:498)
	at org.apache.maven.surefire.util.ReflectionUtils.invokeMethodWithArray(ReflectionUtils.java:189)
	at org.apache.maven.surefire.booter.ProviderFactory$ProviderProxy.invoke(ProviderFactory.java:165)
	at org.apache.maven.surefire.booter.ProviderFactory.invokeProvider(ProviderFactory.java:85)
	at org.apache.maven.surefire.booter.ForkedBooter.runSuitesInProcess(ForkedBooter.java:115)
	at org.apache.maven.surefire.booter.ForkedBooter.main(ForkedBooter.java:75)
</error>
  </testcase>
  <testcase classname="Scenario: " name="Scenario: " time="0.01">
    <error message="Arity mismatch: Step Definition &apos;StepDefs.RegisterStepdefs.iWillEnterTheUserDeatils() in file:/C:/Users/sball/IdeaProjects/seleniumcucumberargosBDD/target/test-classes/&apos; with pattern [^i will enter the user deatils:$] is declared with 0 parameters. However, the gherkin step has 1 arguments [Table:[[email, title, firstName, lastName, postCode], [abdnc@sdsds.com, Mr, chakr, balla, ig1 4nd]]]. 
Step: And i will enter the user deatils:" type="cucumber.runtime.CucumberException">cucumber.runtime.CucumberException: Arity mismatch: Step Definition &apos;StepDefs.RegisterStepdefs.iWillEnterTheUserDeatils() in file:/C:/Users/sball/IdeaProjects/seleniumcucumberargosBDD/target/test-classes/&apos; with pattern [^i will enter the user deatils:$] is declared with 0 parameters. However, the gherkin step has 1 arguments [Table:[[email, title, firstName, lastName, postCode], [abdnc@sdsds.com, Mr, chakr, balla, ig1 4nd]]]. 
Step: And i will enter the user deatils:
	at cucumber.runtime.StepDefinitionMatch.arityMismatch(StepDefinitionMatch.java:102)
	at cucumber.runtime.StepDefinitionMatch.transformedArgs(StepDefinitionMatch.java:60)
	at cucumber.runtime.StepDefinitionMatch.runStep(StepDefinitionMatch.java:37)
	at cucumber.runtime.Runtime.runStep(Runtime.java:300)
	at cucumber.runtime.model.StepContainer.runStep(StepContainer.java:44)
	at cucumber.runtime.model.StepContainer.runSteps(StepContainer.java:39)
	at cucumber.runtime.model.CucumberScenario.run(CucumberScenario.java:44)
	at cucumber.runtime.junit.ExecutionUnitRunner.run(ExecutionUnitRunner.java:102)
	at cucumber.runtime.junit.FeatureRunner.runChild(FeatureRunner.java:63)
	at cucumber.runtime.junit.FeatureRunner.runChild(FeatureRunner.java:18)
	at org.junit.runners.ParentRunner$3.run(ParentRunner.java:290)
	at org.junit.runners.ParentRunner$1.schedule(ParentRunner.java:71)
	at org.junit.runners.ParentRunner.runChildren(ParentRunner.java:288)
	at org.junit.runners.ParentRunner.access$000(ParentRunner.java:58)
	at org.junit.runners.ParentRunner$2.evaluate(ParentRunner.java:268)
	at org.junit.runners.ParentRunner.run(ParentRunner.java:363)
	at cucumber.runtime.junit.FeatureRunner.run(FeatureRunner.java:70)
	at cucumber.api.junit.Cucumber.runChild(Cucumber.java:95)
	at cucumber.api.junit.Cucumber.runChild(Cucumber.java:38)
	at org.junit.runners.ParentRunner$3.run(ParentRunner.java:290)
	at org.junit.runners.ParentRunner$1.schedule(ParentRunner.java:71)
	at org.junit.runners.ParentRunner.runChildren(ParentRunner.java:288)
	at org.junit.runners.ParentRunner.access$000(ParentRunner.java:58)
	at org.junit.runners.ParentRunner$2.evaluate(ParentRunner.java:268)
	at org.junit.runners.ParentRunner.run(ParentRunner.java:363)
	at cucumber.api.junit.Cucumber.run(Cucumber.java:100)
	at org.apache.maven.surefire.junit4.JUnit4Provider.execute(JUnit4Provider.java:252)
	at org.apache.maven.surefire.junit4.JUnit4Provider.executeTestSet(JUnit4Provider.java:141)
	at org.apache.maven.surefire.junit4.JUnit4Provider.invoke(JUnit4Provider.java:112)
	at sun.reflect.NativeMethodAccessorImpl.invoke0(Native Method)
	at sun.reflect.NativeMethodAccessorImpl.invoke(NativeMethodAccessorImpl.java:62)
	at sun.reflect.DelegatingMethodAccessorImpl.invoke(DelegatingMethodAccessorImpl.java:43)
	at java.lang.reflect.Method.invoke(Method.java:498)
	at org.apache.maven.surefire.util.ReflectionUtils.invokeMethodWithArray(ReflectionUtils.java:189)
	at org.apache.maven.surefire.booter.ProviderFactory$ProviderProxy.invoke(ProviderFactory.java:165)
	at org.apache.maven.surefire.booter.ProviderFactory.invokeProvider(ProviderFactory.java:85)
	at org.apache.maven.surefire.booter.ForkedBooter.runSuitesInProcess(ForkedBooter.java:115)
	at org.apache.maven.surefire.booter.ForkedBooter.main(ForkedBooter.java:75)
</error>
  </testcase>
  <testcase classname="| laptop |" name="Given I am on the homepage" time="0"/>
  <testcase classname="| laptop |" name="When i search for a product &quot;laptop&quot;" time="0"/>
  <testcase classname="| laptop |" name="Then I should see all the relevant products &quot;laptop&quot;" time="0"/>
  <testcase classname="| laptop |" name="| laptop |" time="3.018"/>
  <testcase classname="Scenario: Sorting" name="Given I am on the homepage" time="0"/>
  <testcase classname="Scenario: Sorting" name="When i search for a product &quot;nike&quot;" time="0"/>
  <testcase classname="Scenario: Sorting" name="And i sort the product by &quot;Price: High - Low&quot;" time="0"/>
  <testcase classname="Scenario: Sorting" name="Then i could see the all products in sorting order of Price&quot; in order&quot;" time="0"/>
  <testcase classname="Scenario: Sorting" name="Scenario: Sorting" time="3.415"/>
</testsuite>